[debug] > Exec(test, None, None)
[debug] Evaluating tasks: Test / test
[debug] Running task... Cancel: Signal, check cycles: false, forcegc: true
[info] compiling 9 Scala sources to D:\NJU\Chisel\DTU02139\Lab\chisel-lab-DTY02139\lab4\target\scala-2.13\classes ...
[warn] D:\NJU\Chisel\DTU02139\Lab\chisel-lab-DTY02139\lab4\src\main\scala\heap\Fetcher.scala:47:60: method zipped in class Ops is deprecated (since 2.13.0): Use xs.lazyZip(ys).lazyZip(zs)
[warn]   io.res.children := (childrenReg, childIndexReg, maskReg).zipped.map { case (item, index, valid) =>
[warn]                                                            ^
[warn] one warning found
[info] done compiling
[info] compiling 2 Scala sources to D:\NJU\Chisel\DTU02139\Lab\chisel-lab-DTY02139\lab4\target\scala-2.13\test-classes ...
[info] done compiling
[info] Mux5Test:
[info] Mux5
[info] - should pass
[info] HeapTest:
[info] Heap
[info] - should present the currently largest number on io.root while ready and not empty
[info] - should assert empty after all numbers have been removed
[info] - should assert full when 8 numbers have been inserted
[info] - should deassert full after one number is removed when it was full
[info] - should not change the sequence if new insertions are issued when it is full
[info] Run completed in 6 seconds, 348 milliseconds.
[info] Total number of tests run: 6
[info] Suites: completed 2, aborted 0
[info] Tests: succeeded 6, failed 0, canceled 0, ignored 0, pending 0
[info] All tests passed.
[success] Total time: 18 s, completed 2023-12-14 21:30:19
[debug] > Exec(idea-shell, None, None)
