[debug] > Exec(early(addDefaultCommands), None, None)
[debug] > Exec(addDefaultCommands, None, None)
[debug] > Exec(early(initialize), None, None)
[debug] > Exec(initialize, None, None)
[debug] > Exec(early(addPluginSbtFile="""C:\Users\Hennry\AppData\Local\Temp\idea.sbt"""), None, None)
[debug] > Exec(addPluginSbtFile="""C:\Users\Hennry\AppData\Local\Temp\idea.sbt""", None, None)
[debug] > Exec(boot, None, None)
[debug] > Exec(writeSbtVersion, None, None)
[debug] > Exec(reload, None, None)
[debug] > Exec(sbtStashOnFailure, None, None)
[debug] > Exec(onFailure loadFailed, None, None)
[debug] > Exec(loadp, None, None)
[info] welcome to sbt 1.8.0 (Temurin Java 1.8.0_392)
[debug]       Load.loadUnit: plugins took 83.521ms
[debug]       Load.loadUnit: defsScala took 0.3073ms
[debug] [Loading] Scanning directory C:\Users\Hennry\.sbt\1.0\plugins
[debug] [Loading] Found non-root projects 
[debug] [Loading] Done in C:\Users\Hennry\.sbt\1.0\plugins, returning: ()
[debug] deducing auto plugins based on known facts Set(Atom(sbt.plugins.CorePlugin)) and clauses Clauses(Clause(Atom(sbt.plugins.JvmPlugin),Set(Atom(sbt.plugins.IvyPlugin)))
[debug] Clause(Atom(sbt.ScriptedPlugin),Set(Atom(sbt.plugins.JvmPlugin)))
[debug] Clause(Atom(sbt.plugins.SbtPlugin),Set(Atom(sbt.ScriptedPlugin)))
[debug] Clause(Atom(sbt.plugins.SemanticdbPlugin),Set(Atom(sbt.plugins.JvmPlugin)))
[debug] Clause(Atom(sbt.plugins.JUnitXmlReportPlugin),Set(Atom(sbt.plugins.JvmPlugin)))
[debug] Clause(Atom(sbt.plugins.MiniDependencyTreePlugin),Set(Atom(sbt.plugins.JvmPlugin)))
[debug] Clause(Atom(sbt.plugins.CorePlugin),Set(Atom(sbt.plugins.IvyPlugin)))
[debug] Clause(Atom(sbt.plugins.IvyPlugin),Set(Atom(sbt.plugins.JvmPlugin)))
[debug] Clause(Atom(sbt.plugins.JvmPlugin),Set(Atom(sbt.plugins.SemanticdbPlugin)))
[debug] Clause(Atom(sbt.plugins.JvmPlugin),Set(Atom(sbt.plugins.JUnitXmlReportPlugin)))
[debug] Clause(Atom(sbt.plugins.CorePlugin),Set(Atom(sbt.plugins.Giter8TemplatePlugin)))
[debug] Clause(Atom(sbt.plugins.JvmPlugin),Set(Atom(sbt.plugins.MiniDependencyTreePlugin))))
[debug]   :: deduced result: Matched(sbt.plugins.CorePlugin,sbt.plugins.Giter8TemplatePlugin,sbt.plugins.IvyPlugin,sbt.plugins.JvmPlugin,sbt.plugins.MiniDependencyTreePlugin,sbt.plugins.JUnitXmlReportPlugin,sbt.plugins.SemanticdbPlugin)
[debug] Plugins.deducer#function took 13.6403 ms
[debug]           Load.resolveProject(global-plugins) took 46.6512ms
[debug]         Load.loadTransitive: finalizeProject(Project(id global-plugins, base: C:\Users\Hennry\.sbt\1.0\plugins, plugins: List(<none>))) took 83.5189ms
[debug] [Loading] Done in C:\Users\Hennry\.sbt\1.0\plugins, returning: (global-plugins)
[debug]       Load.loadUnit: loadedProjectsRaw took 191.0482ms
[debug]       Load.loadUnit: cleanEvalClasses took 0.3496ms
[debug]     Load.loadUnit(file:/C:/Users/Hennry/.sbt/1.0/plugins/, ...) took 283.1808ms
[debug]   Load.apply: load took 440.0185ms
[debug]   Load.apply: resolveProjects took 5.7575ms
[debug]   Load.apply: finalTransforms took 45.1794ms
[debug]   Load.apply: config.delegates took 6.4051ms
[debug]   Load.apply: Def.make(settings)... took 281.0766ms
[debug]   Load.apply: structureIndex took 69.9036ms
[debug]   Load.apply: mkStreams took 2.0003ms
[info] loading global plugins from C:\Users\Hennry\.sbt\1.0\plugins
[debug] Running task... Cancel: Signal, check cycles: false, forcegc: true
[debug] Load.defaultLoad until apply took 1758.6565ms
[debug]           Load.loadUnit: plugins took 20.0096ms
[debug]           Load.loadUnit: defsScala took 0.0033ms
[debug] [Loading] Scanning directory D:\NJU\Chisel\DTU02139\Lab\chisel-lab-DTY02139\lab2\project
[debug]             Load.loadUnit: mkEval took 6.1322ms
[debug] [Loading] Found non-root projects 
[debug] [Loading] Done in D:\NJU\Chisel\DTU02139\Lab\chisel-lab-DTY02139\lab2\project, returning: ()
[debug] deducing auto plugins based on known facts Set(Atom(sbt.plugins.CorePlugin)) and clauses Clauses(Clause(Atom(sbt.plugins.JvmPlugin),Set(Atom(sbt.plugins.IvyPlugin)))
[debug] Clause(Atom(sbt.ScriptedPlugin),Set(Atom(sbt.plugins.JvmPlugin)))
[debug] Clause(Atom(sbt.plugins.SbtPlugin),Set(Atom(sbt.ScriptedPlugin)))
[debug] Clause(Atom(sbt.plugins.SemanticdbPlugin),Set(Atom(sbt.plugins.JvmPlugin)))
[debug] Clause(Atom(sbt.plugins.JUnitXmlReportPlugin),Set(Atom(sbt.plugins.JvmPlugin)))
[debug] Clause(Atom(sbt.plugins.MiniDependencyTreePlugin),Set(Atom(sbt.plugins.JvmPlugin)))
[debug] Clause(Atom(sbt.plugins.CorePlugin),Set(Atom(sbt.plugins.IvyPlugin)))
[debug] Clause(Atom(sbt.plugins.IvyPlugin),Set(Atom(sbt.plugins.JvmPlugin)))
[debug] Clause(Atom(sbt.plugins.JvmPlugin),Set(Atom(sbt.plugins.SemanticdbPlugin)))
[debug] Clause(Atom(sbt.plugins.JvmPlugin),Set(Atom(sbt.plugins.JUnitXmlReportPlugin)))
[debug] Clause(Atom(sbt.plugins.CorePlugin),Set(Atom(sbt.plugins.Giter8TemplatePlugin)))
[debug] Clause(Atom(sbt.plugins.JvmPlugin),Set(Atom(sbt.plugins.MiniDependencyTreePlugin))))
[debug]   :: deduced result: Matched(sbt.plugins.CorePlugin,sbt.plugins.Giter8TemplatePlugin,sbt.plugins.IvyPlugin,sbt.plugins.JvmPlugin,sbt.plugins.MiniDependencyTreePlugin,sbt.plugins.JUnitXmlReportPlugin,sbt.plugins.SemanticdbPlugin)
[debug] Plugins.deducer#function took 1.3264 ms
[info] loading settings for project lab2-build from idea.sbt ...
[debug]               Load.resolveProject(lab2-build) took 3.5463ms
[debug]             Load.loadTransitive: finalizeProject(Project(id lab2-build, base: D:\NJU\Chisel\DTU02139\Lab\chisel-lab-DTY02139\lab2\project, plugins: List(<none>))) took 5.2979ms
[debug] [Loading] Done in D:\NJU\Chisel\DTU02139\Lab\chisel-lab-DTY02139\lab2\project, returning: (lab2-build)
[debug]           Load.loadUnit: loadedProjectsRaw took 1423.7836ms
[debug]           Load.loadUnit: cleanEvalClasses took 2.626ms
[debug]         Load.loadUnit(file:/D:/NJU/Chisel/DTU02139/Lab/chisel-lab-DTY02139/lab2/project/, ...) took 1447.1241ms
[debug]       Load.apply: load took 1447.8842ms
[debug]       Load.apply: resolveProjects took 0.1062ms
[debug]       Load.apply: finalTransforms took 4.8505ms
[debug]       Load.apply: config.delegates took 0.2904ms
[debug]       Load.apply: Def.make(settings)... took 59.2664ms
[debug]       Load.apply: structureIndex took 14.8847ms
[debug]       Load.apply: mkStreams took 0.003ms
[info] loading project definition from D:\NJU\Chisel\DTU02139\Lab\chisel-lab-DTY02139\lab2\project
[debug] Running task... Cancel: Signal, check cycles: false, forcegc: true
[warn] Unrecognized repository Scala Plugin Bundled Repository, ignoring it
[warn] Unrecognized repository Scala Plugin Bundled Repository, ignoring it
[debug]     Load.loadUnit: plugins took 2386.7595ms
[debug]     Load.loadUnit: defsScala took 0.0036ms
[debug] [Loading] Scanning directory D:\NJU\Chisel\DTU02139\Lab\chisel-lab-DTY02139\lab2
[debug]       Load.loadUnit: mkEval took 0.1919ms
[debug] [Loading] Found non-root projects 
[debug] [Loading] Done in D:\NJU\Chisel\DTU02139\Lab\chisel-lab-DTY02139\lab2, returning: ()
[debug] deducing auto plugins based on known facts Set(Atom(sbt.plugins.CorePlugin)) and clauses Clauses(Clause(Atom(sbt.plugins.JvmPlugin),Set(Atom(sbt.plugins.IvyPlugin)))
[debug] Clause(Atom(sbt.ScriptedPlugin),Set(Atom(sbt.plugins.JvmPlugin)))
[debug] Clause(Atom(sbt.plugins.SbtPlugin),Set(Atom(sbt.ScriptedPlugin)))
[debug] Clause(Atom(sbt.plugins.SemanticdbPlugin),Set(Atom(sbt.plugins.JvmPlugin)))
[debug] Clause(Atom(sbt.plugins.JUnitXmlReportPlugin),Set(Atom(sbt.plugins.JvmPlugin)))
[debug] Clause(Atom(sbt.plugins.MiniDependencyTreePlugin),Set(Atom(sbt.plugins.JvmPlugin)))
[debug] Clause(Atom(org.jetbrains.sbt.StructurePlugin),Set(Atom(sbt.plugins.JvmPlugin)))
[debug] Clause(Atom(org.jetbrains.sbt.IdeaShellPlugin),Set(Atom(sbt.plugins.JvmPlugin)))
[debug] Clause(Atom(sbt.plugins.CorePlugin),Set(Atom(sbt.plugins.IvyPlugin)))
[debug] Clause(Atom(sbt.plugins.IvyPlugin),Set(Atom(sbt.plugins.JvmPlugin)))
[debug] Clause(Atom(sbt.plugins.JvmPlugin),Set(Atom(sbt.plugins.SemanticdbPlugin)))
[debug] Clause(Atom(sbt.plugins.JvmPlugin),Set(Atom(sbt.plugins.JUnitXmlReportPlugin)))
[debug] Clause(Atom(sbt.plugins.CorePlugin),Set(Atom(sbt.plugins.Giter8TemplatePlugin)))
[debug] Clause(Atom(sbt.plugins.JvmPlugin),Set(Atom(sbt.plugins.MiniDependencyTreePlugin)))
[debug] Clause(Atom(sbt.plugins.JvmPlugin),Set(Atom(org.jetbrains.sbt.StructurePlugin)))
[debug] Clause(Atom(sbt.plugins.JvmPlugin),Set(Atom(org.jetbrains.sbt.IdeaShellPlugin))))
[debug]   :: deduced result: Matched(sbt.plugins.CorePlugin,sbt.plugins.Giter8TemplatePlugin,sbt.plugins.IvyPlugin,sbt.plugins.JvmPlugin,sbt.plugins.SemanticdbPlugin,sbt.plugins.JUnitXmlReportPlugin,org.jetbrains.sbt.IdeaShellPlugin,org.jetbrains.sbt.StructurePlugin,sbt.plugins.MiniDependencyTreePlugin)
[debug] Plugins.deducer#function took 1.6574 ms
[info] loading settings for project lab2 from build.sbt ...
[debug]         Load.resolveProject(lab2) took 18.9937ms
[debug]       Load.loadTransitive: finalizeProject(Project(id lab2, base: D:\NJU\Chisel\DTU02139\Lab\chisel-lab-DTY02139\lab2, plugins: List(<none>))) took 21.0571ms
[debug] [Loading] Done in D:\NJU\Chisel\DTU02139\Lab\chisel-lab-DTY02139\lab2, returning: (lab2)
[debug]     Load.loadUnit: loadedProjectsRaw took 999.5851ms
[debug]     Load.loadUnit: cleanEvalClasses took 5.557ms
[debug]   Load.loadUnit(file:/D:/NJU/Chisel/DTU02139/Lab/chisel-lab-DTY02139/lab2/, ...) took 3392.4954ms
[debug] Load.apply: load took 3393.4632ms
[debug] Load.apply: resolveProjects took 0.0943ms
[debug] Load.apply: finalTransforms took 16.2403ms
[debug] Load.apply: config.delegates took 0.2266ms
[debug] Load.apply: Def.make(settings)... took 45.1671ms
[debug] Load.apply: structureIndex took 18.3305ms
[debug] Load.apply: mkStreams took 0.0035ms
[info] set current project to lab2 (in build file:/D:/NJU/Chisel/DTU02139/Lab/chisel-lab-DTY02139/lab2/)
[debug] > Exec(sbtPopOnFailure, None, None)
[debug] > Exec(resumeFromFailure, None, None)
[debug] > Exec(notifyUsersAboutShell, None, None)
[debug] > Exec(iflast shell, None, None)
[debug] > Exec(idea-shell, None, None)
