[debug] > Exec(test, None, None)
[debug] Evaluating tasks: Test / test
[debug] Running task... Cancel: Signal, check cycles: false, forcegc: true
[info] compiling 1 Scala source to D:\NJU\Chisel\DTU02139\Lab\chisel-lab-DTY02139\lab1\target\scala-2.13\classes ...
[info] Non-compiled module 'compiler-bridge_2.13' for Scala 2.13.8. Compiling...
[info]   Compilation completed in 11.255s.
[info] done compiling
[info] compiling 1 Scala source to D:\NJU\Chisel\DTU02139\Lab\chisel-lab-DTY02139\lab1\target\scala-2.13\test-classes ...
[info] done compiling
[info] HelloSpec:
[info] Hello
[info] - should pass
[info] Run completed in 36 seconds, 111 milliseconds.
[info] Total number of tests run: 1
[info] Suites: completed 1, aborted 0
[info] Tests: succeeded 1, failed 0, canceled 0, ignored 0, pending 0
[info] All tests passed.
[debug] Forcing garbage collection...
[success] Total time: 52 s, completed 2023年12月11日 20:53:26
[debug] > Exec(idea-shell, None, None)
