[debug] > Exec(;reload; set _root_.org.jetbrains.sbt.StructureKeys.sbtStructureOptions in Global := "download resolveClassifiers resolveSbtClassifiers" ;preferScala2;*/*:dumpStructureTo C:/Users/Hennry/AppData/Local/Temp/sbt-structure.xml; session clear-all ; set ideaPort in Global := 7938, None, None)
[debug] > Exec(reload, None, None)
[debug] > Exec(sbtStashOnFailure, None, None)
[debug] > Exec(onFailure loadFailed, None, None)
[debug] > Exec(loadp, None, None)
[info] welcome to sbt 1.8.0 (Oracle Corporation Java 19.0.2)
[debug]       Load.loadUnit: plugins took 11.8616ms
[debug]       Load.loadUnit: defsScala took 0.0049ms
[debug] [Loading] Scanning directory C:\Users\Hennry\.sbt\1.0\plugins
[debug] [Loading] Found non-root projects 
[debug] [Loading] Done in C:\Users\Hennry\.sbt\1.0\plugins, returning: ()
[debug] deducing auto plugins based on known facts Set(Atom(sbt.plugins.CorePlugin)) and clauses Clauses(Clause(Atom(sbt.plugins.JvmPlugin),Set(Atom(sbt.plugins.IvyPlugin)))
[debug] Clause(Atom(sbt.ScriptedPlugin),Set(Atom(sbt.plugins.JvmPlugin)))
[debug] Clause(Atom(sbt.plugins.SbtPlugin),Set(Atom(sbt.ScriptedPlugin)))
[debug] Clause(Atom(sbt.plugins.SemanticdbPlugin),Set(Atom(sbt.plugins.JvmPlugin)))
[debug] Clause(Atom(sbt.plugins.JUnitXmlReportPlugin),Set(Atom(sbt.plugins.JvmPlugin)))
[debug] Clause(Atom(sbt.plugins.MiniDependencyTreePlugin),Set(Atom(sbt.plugins.JvmPlugin)))
[debug] Clause(Atom(sbt.plugins.CorePlugin),Set(Atom(sbt.plugins.IvyPlugin)))
[debug] Clause(Atom(sbt.plugins.IvyPlugin),Set(Atom(sbt.plugins.JvmPlugin)))
[debug] Clause(Atom(sbt.plugins.JvmPlugin),Set(Atom(sbt.plugins.SemanticdbPlugin)))
[debug] Clause(Atom(sbt.plugins.JvmPlugin),Set(Atom(sbt.plugins.JUnitXmlReportPlugin)))
[debug] Clause(Atom(sbt.plugins.CorePlugin),Set(Atom(sbt.plugins.Giter8TemplatePlugin)))
[debug] Clause(Atom(sbt.plugins.JvmPlugin),Set(Atom(sbt.plugins.MiniDependencyTreePlugin))))
[debug]   :: deduced result: Matched(sbt.plugins.CorePlugin,sbt.plugins.Giter8TemplatePlugin,sbt.plugins.IvyPlugin,sbt.plugins.JvmPlugin,sbt.plugins.MiniDependencyTreePlugin,sbt.plugins.JUnitXmlReportPlugin,sbt.plugins.SemanticdbPlugin)
[debug] Plugins.deducer#function took 1.0734 ms
[debug]           Load.resolveProject(global-plugins) took 0.7909ms
[debug]         Load.loadTransitive: finalizeProject(Project(id global-plugins, base: C:\Users\Hennry\.sbt\1.0\plugins, plugins: List(<none>))) took 2.2169ms
[debug] [Loading] Done in C:\Users\Hennry\.sbt\1.0\plugins, returning: (global-plugins)
[debug]       Load.loadUnit: loadedProjectsRaw took 3.4076ms
[debug]       Load.loadUnit: cleanEvalClasses took 0.0193ms
[debug]     Load.loadUnit(file:/C:/Users/Hennry/.sbt/1.0/plugins/, ...) took 15.9299ms
[debug]   Load.apply: load took 16.9278ms
[debug]   Load.apply: resolveProjects took 0.1171ms
[debug]   Load.apply: finalTransforms took 5.3748ms
[debug]   Load.apply: config.delegates took 0.612ms
[debug]   Load.apply: Def.make(settings)... took 36.0577ms
[debug]   Load.apply: structureIndex took 14.8242ms
[debug]   Load.apply: mkStreams took 0.003ms
[info] loading global plugins from C:\Users\Hennry\.sbt\1.0\plugins
[debug] Running task... Cancel: Signal, check cycles: false, forcegc: true
[debug] Load.defaultLoad until apply took 339.6755ms
[debug]           Load.loadUnit: plugins took 18.8311ms
[debug]           Load.loadUnit: defsScala took 0.0053ms
[debug] [Loading] Scanning directory D:\NJU\Chisel\DTU02139\Lab\chisel-lab-DTY02139\lab6\project
[debug]             Load.loadUnit: mkEval took 0.1695ms
[debug] [Loading] Found non-root projects 
[debug] [Loading] Done in D:\NJU\Chisel\DTU02139\Lab\chisel-lab-DTY02139\lab6\project, returning: ()
[debug] deducing auto plugins based on known facts Set(Atom(sbt.plugins.CorePlugin)) and clauses Clauses(Clause(Atom(sbt.plugins.JvmPlugin),Set(Atom(sbt.plugins.IvyPlugin)))
[debug] Clause(Atom(sbt.ScriptedPlugin),Set(Atom(sbt.plugins.JvmPlugin)))
[debug] Clause(Atom(sbt.plugins.SbtPlugin),Set(Atom(sbt.ScriptedPlugin)))
[debug] Clause(Atom(sbt.plugins.SemanticdbPlugin),Set(Atom(sbt.plugins.JvmPlugin)))
[debug] Clause(Atom(sbt.plugins.JUnitXmlReportPlugin),Set(Atom(sbt.plugins.JvmPlugin)))
[debug] Clause(Atom(sbt.plugins.MiniDependencyTreePlugin),Set(Atom(sbt.plugins.JvmPlugin)))
[debug] Clause(Atom(sbt.plugins.CorePlugin),Set(Atom(sbt.plugins.IvyPlugin)))
[debug] Clause(Atom(sbt.plugins.IvyPlugin),Set(Atom(sbt.plugins.JvmPlugin)))
[debug] Clause(Atom(sbt.plugins.JvmPlugin),Set(Atom(sbt.plugins.SemanticdbPlugin)))
[debug] Clause(Atom(sbt.plugins.JvmPlugin),Set(Atom(sbt.plugins.JUnitXmlReportPlugin)))
[debug] Clause(Atom(sbt.plugins.CorePlugin),Set(Atom(sbt.plugins.Giter8TemplatePlugin)))
[debug] Clause(Atom(sbt.plugins.JvmPlugin),Set(Atom(sbt.plugins.MiniDependencyTreePlugin))))
[debug]   :: deduced result: Matched(sbt.plugins.CorePlugin,sbt.plugins.Giter8TemplatePlugin,sbt.plugins.IvyPlugin,sbt.plugins.JvmPlugin,sbt.plugins.MiniDependencyTreePlugin,sbt.plugins.JUnitXmlReportPlugin,sbt.plugins.SemanticdbPlugin)
[debug] Plugins.deducer#function took 1.2601 ms
[info] loading settings for project lab6-build from idea4.sbt ...
[debug]               Load.resolveProject(lab6-build) took 4.3873ms
[debug]             Load.loadTransitive: finalizeProject(Project(id lab6-build, base: D:\NJU\Chisel\DTU02139\Lab\chisel-lab-DTY02139\lab6\project, plugins: List(<none>))) took 6.4676ms
[debug] [Loading] Done in D:\NJU\Chisel\DTU02139\Lab\chisel-lab-DTY02139\lab6\project, returning: (lab6-build)
[debug]           Load.loadUnit: loadedProjectsRaw took 25.3021ms
[debug]           Load.loadUnit: cleanEvalClasses took 2.5086ms
[debug]         Load.loadUnit(file:/D:/NJU/Chisel/DTU02139/Lab/chisel-lab-DTY02139/lab6/project/, ...) took 47.6024ms
[debug]       Load.apply: load took 49.0693ms
[debug]       Load.apply: resolveProjects took 0.1318ms
[debug]       Load.apply: finalTransforms took 6.7222ms
[debug]       Load.apply: config.delegates took 0.384ms
[debug]       Load.apply: Def.make(settings)... took 36.5015ms
[debug]       Load.apply: structureIndex took 14.0398ms
[debug]       Load.apply: mkStreams took 0.0032ms
[info] loading project definition from D:\NJU\Chisel\DTU02139\Lab\chisel-lab-DTY02139\lab6\project
[debug] Running task... Cancel: Signal, check cycles: false, forcegc: true
[debug]     Load.loadUnit: plugins took 201.3029ms
[debug]     Load.loadUnit: defsScala took 0.0046ms
[debug] [Loading] Scanning directory D:\NJU\Chisel\DTU02139\Lab\chisel-lab-DTY02139\lab6
[debug]       Load.loadUnit: mkEval took 0.1962ms
[debug] [Loading] Found non-root projects 
[debug] [Loading] Done in D:\NJU\Chisel\DTU02139\Lab\chisel-lab-DTY02139\lab6, returning: ()
[debug] deducing auto plugins based on known facts Set(Atom(sbt.plugins.CorePlugin)) and clauses Clauses(Clause(Atom(sbt.plugins.JvmPlugin),Set(Atom(sbt.plugins.IvyPlugin)))
[debug] Clause(Atom(sbt.ScriptedPlugin),Set(Atom(sbt.plugins.JvmPlugin)))
[debug] Clause(Atom(sbt.plugins.SbtPlugin),Set(Atom(sbt.ScriptedPlugin)))
[debug] Clause(Atom(sbt.plugins.SemanticdbPlugin),Set(Atom(sbt.plugins.JvmPlugin)))
[debug] Clause(Atom(sbt.plugins.JUnitXmlReportPlugin),Set(Atom(sbt.plugins.JvmPlugin)))
[debug] Clause(Atom(sbt.plugins.MiniDependencyTreePlugin),Set(Atom(sbt.plugins.JvmPlugin)))
[debug] Clause(Atom(org.jetbrains.sbt.StructurePlugin),Set(Atom(sbt.plugins.JvmPlugin)))
[debug] Clause(Atom(org.jetbrains.sbt.IdeaShellPlugin),Set(Atom(sbt.plugins.JvmPlugin)))
[debug] Clause(Atom(org.jetbrains.sbt.indices.SbtIntellijIndicesPlugin),Set(Atom(sbt.plugins.JvmPlugin)))
[debug] Clause(Atom(sbt.plugins.CorePlugin),Set(Atom(sbt.plugins.IvyPlugin)))
[debug] Clause(Atom(sbt.plugins.IvyPlugin),Set(Atom(sbt.plugins.JvmPlugin)))
[debug] Clause(Atom(sbt.plugins.JvmPlugin),Set(Atom(sbt.plugins.SemanticdbPlugin)))
[debug] Clause(Atom(sbt.plugins.JvmPlugin),Set(Atom(sbt.plugins.JUnitXmlReportPlugin)))
[debug] Clause(Atom(sbt.plugins.CorePlugin),Set(Atom(sbt.plugins.Giter8TemplatePlugin)))
[debug] Clause(Atom(sbt.plugins.JvmPlugin),Set(Atom(sbt.plugins.MiniDependencyTreePlugin)))
[debug] Clause(Atom(sbt.plugins.JvmPlugin),Set(Atom(org.jetbrains.sbt.StructurePlugin)))
[debug] Clause(Atom(sbt.plugins.JvmPlugin),Set(Atom(org.jetbrains.sbt.IdeaShellPlugin)))
[debug] Clause(And(Set(Atom(sbt.plugins.CorePlugin), Atom(sbt.plugins.JvmPlugin))),Set(Atom(org.jetbrains.sbt.indices.SbtIntellijIndicesPlugin))))
[debug]   :: deduced result: Matched(sbt.plugins.CorePlugin,sbt.plugins.Giter8TemplatePlugin,sbt.plugins.IvyPlugin,sbt.plugins.JvmPlugin,sbt.plugins.SemanticdbPlugin,org.jetbrains.sbt.indices.SbtIntellijIndicesPlugin,sbt.plugins.JUnitXmlReportPlugin,org.jetbrains.sbt.IdeaShellPlugin,org.jetbrains.sbt.StructurePlugin,sbt.plugins.MiniDependencyTreePlugin)
[debug] Plugins.deducer#function took 1.2869 ms
[info] loading settings for project lab6 from build.sbt ...
[debug]         Load.resolveProject(lab6) took 24.7511ms
[debug]       Load.loadTransitive: finalizeProject(Project(id lab6, base: D:\NJU\Chisel\DTU02139\Lab\chisel-lab-DTY02139\lab6, plugins: List(<none>))) took 26.5053ms
[debug] [Loading] Done in D:\NJU\Chisel\DTU02139\Lab\chisel-lab-DTY02139\lab6, returning: (lab6)
[debug]     Load.loadUnit: loadedProjectsRaw took 76.1365ms
[debug]     Load.loadUnit: cleanEvalClasses took 9.0258ms
[debug]   Load.loadUnit(file:/D:/NJU/Chisel/DTU02139/Lab/chisel-lab-DTY02139/lab6/, ...) took 287.3211ms
[debug] Load.apply: load took 288.4483ms
[debug] Load.apply: resolveProjects took 0.0836ms
[debug] Load.apply: finalTransforms took 10.598ms
[debug] Load.apply: config.delegates took 0.2765ms
[debug] Load.apply: Def.make(settings)... took 37.8157ms
[debug] Load.apply: structureIndex took 10.5434ms
[debug] Load.apply: mkStreams took 0.0029ms
[warn] Discarding 1 session setting.  Use 'session save' to persist session settings.
[info] set current project to lab6 (in build file:/D:/NJU/Chisel/DTU02139/Lab/chisel-lab-DTY02139/lab6/)
[debug] > Exec(sbtPopOnFailure, None, None)
[debug] > Exec(resumeFromFailure, None, None)
[debug] > Exec(set _root_.org.jetbrains.sbt.StructureKeys.sbtStructureOptions in Global := "download resolveClassifiers resolveSbtClassifiers", None, None)
[info] Defining Global / sbtStructureOptions
[info] The new value will be used by Global / ssOptions
[debug] Defining 
[debug] 	Global / sbtStructureOptions
[debug] 
[debug] The new value will be used by 
[debug] 	Global / ssOptions
[info] Reapplying settings...
[info] set current project to lab6 (in build file:/D:/NJU/Chisel/DTU02139/Lab/chisel-lab-DTY02139/lab6/)
[debug] > Exec(preferScala2, None, None)
[debug] > Exec(*/*:dumpStructureTo C:/Users/Hennry/AppData/Local/Temp/sbt-structure.xml, None, None)
[debug] Evaluating tasks: Global / dumpStructureTo
[warn] sbt 0.13 shell syntax is deprecated; use slash syntax instead: Global / dumpStructureTo
[debug] Running task... Cancel: Signal, check cycles: false, forcegc: true
[warn] Unrecognized repository Scala Plugin Bundled Repository, ignoring it
[warn] Unrecognized repository Scala Plugin Bundled Repository, ignoring it
[warn] Unrecognized repository Scala Plugin Bundled Repository, ignoring it
[info] Writing structure to C:\Users\Hennry\AppData\Local\Temp\sbt-structure.xml...
[info] Done.
[success] Total time: 6 s, completed 2023年12月16日 23:49:03
[debug] > Exec(session clear-all, None, None)
[info] Reapplying settings...
[info] set current project to lab6 (in build file:/D:/NJU/Chisel/DTU02139/Lab/chisel-lab-DTY02139/lab6/)
[debug] > Exec(set ideaPort in Global := 7938, None, None)
[info] Defining Global / ideaPort
[info] The new value will be used by Compile / compile, Test / compile
[debug] Defining 
[debug] 	Global / ideaPort
[debug] 
[debug] The new value will be used by 
[debug] 	Compile / compile
[debug] 	Test / compile
[info] Reapplying settings...
[info] set current project to lab6 (in build file:/D:/NJU/Chisel/DTU02139/Lab/chisel-lab-DTY02139/lab6/)
[debug] > Exec(idea-shell, None, None)
[debug] > Exec(, None, None)
[debug] > Exec(idea-shell, None, None)
