[debug] > Exec(test, None, None)
[debug] Evaluating tasks: Test / test
[debug] Running task... Cancel: Signal, check cycles: false, forcegc: true
[info] Count15Spec:
[info] Count15
[info] - should pass
[info] AccuSpec:
[info] Accu
[info] - should pass
[info] Count6Spec:
[info] Count6
[info] - should pass
[info] DelaySpec:
[info] Delay
[info] - should pass
[info] UseMux2Spec:
[info] UseMux2
[info] - should pass
[info] Mux2Spec:
[info] Mux2
[info] - should pass
[info] Count6WaveSpec:
[info] CountWave6
[info] - should pass
[info] Mux4Spec:
[info] Mux4
[info] - should pass
[info] Run completed in 1 second, 759 milliseconds.
[info] Total number of tests run: 8
[info] Suites: completed 8, aborted 0
[info] Tests: succeeded 8, failed 0, canceled 0, ignored 0, pending 0
[info] All tests passed.
[success] Total time: 2 s, completed 2023-12-14 21:22:57
[debug] > Exec(idea-shell, None, None)
